\BOOKMARK [0][-]{chapter.1}{\376\377\000U\000n\000c\000e\000r\000t\000a\000i\000n\000t\000y\000\040\000c\000h\000a\000r\000a\000c\000t\000e\000r\000i\000s\000a\000t\000i\000o\000n}{}% 1
\BOOKMARK [1][-]{section.1.1}{\376\377\000v\000a\000r\000i\000a\000b\000i\000l\000i\000t\000y\000\040\000a\000n\000d\000\040\000i\000n\000c\000e\000r\000t\000i\000t\000u\000d\000e}{chapter.1}% 2
\BOOKMARK [1][-]{section.1.2}{\376\377\000b\000o\000u\000n\000d\000i\000n\000g\000\040\000d\000i\000s\000t\000r\000i\000b\000u\000t\000i\000o\000n\000a\000l\000\040\000p\000a\000r\000a\000m\000e\000t\000e\000r\000s}{chapter.1}% 3
\BOOKMARK [1][-]{section.1.3}{\376\377\000a\000g\000g\000r\000e\000g\000a\000t\000i\000o\000n\000\040\000o\000f\000\040\000m\000u\000l\000t\000i\000p\000l\000e\000\040\000s\000o\000u\000r\000c\000e\000s\000\040\000o\000f\000\040\000i\000n\000f\000o\000r\000m\000a\000t\000i\000o\000n}{chapter.1}% 4
\BOOKMARK [1][-]{section.1.4}{\376\377\000k\000n\000o\000w\000n\000\040\000s\000t\000a\000t\000i\000s\000t\000i\000c\000a\000l\000\040\000p\000r\000o\000p\000e\000r\000t\000i\000e\000s}{chapter.1}% 5
\BOOKMARK [1][-]{section.1.5}{\376\377\000h\000e\000d\000g\000e\000d\000\040\000n\000u\000m\000e\000r\000i\000c\000a\000l\000\040\000e\000x\000p\000r\000e\000s\000s\000i\000o\000n}{chapter.1}% 6
\BOOKMARK [1][-]{section.1.6}{\376\377\000i\000n\000t\000e\000r\000v\000a\000l\000\040\000m\000e\000a\000s\000u\000r\000e\000m\000e\000n\000t\000s}{chapter.1}% 7
\BOOKMARK [0][-]{chapter.2}{\376\377\000P\000r\000o\000p\000a\000g\000a\000t\000i\000o\000n}{}% 8
\BOOKMARK [1][-]{section.2.1}{\376\377\000V\000e\000r\000t\000e\000x\000\040\000m\000e\000t\000h\000o\000d}{chapter.2}% 9
\BOOKMARK [1][-]{section.2.2}{\376\377\000S\000u\000b\000i\000n\000t\000e\000r\000v\000a\000l\000\040\000r\000e\000c\000o\000n\000s\000t\000i\000t\000u\000t\000i\000o\000n}{chapter.2}% 10
\BOOKMARK [1][-]{section.2.3}{\376\377\000C\000a\000u\000c\000h\000y\000-\000d\000e\000v\000i\000a\000t\000e\000\040\000m\000e\000t\000h\000o\000d}{chapter.2}% 11
\BOOKMARK [1][-]{section.2.4}{\376\377\000G\000r\000a\000d\000i\000e\000n\000t\000-\000b\000a\000s\000e\000d\000\040\000o\000p\000t\000i\000m\000i\000s\000a\000t\000i\000o\000n\000\040\000m\000e\000t\000h\000o\000d\000s}{chapter.2}% 12
\BOOKMARK [0][-]{chapter.3}{\376\377\000P\000r\000o\000b\000a\000b\000i\000l\000i\000t\000y\000\040\000b\000o\000x}{}% 13
\BOOKMARK [0][-]{chapter.4}{\376\377\000C\000o\000n\000f\000i\000d\000e\000n\000c\000e\000\040\000b\000o\000x}{}% 14
\BOOKMARK [0][-]{chapter.5}{\376\377\000i\000n\000t\000e\000r\000v\000a\000l\000\040\000a\000n\000a\000l\000y\000s\000i\000s}{}% 15
\BOOKMARK [1][-]{section.5.1}{\376\377\000I\000n\000t\000e\000r\000v\000a\000l\000\040\000a\000r\000i\000t\000h\000m\000e\000t\000i\000c}{chapter.5}% 16
\BOOKMARK [1][-]{section.5.2}{\376\377\000h\000a\000n\000d\000l\000i\000n\000g\000\040\000w\000i\000t\000h\000\040\000m\000e\000a\000s\000u\000r\000e\000m\000e\000n\000t\000\040\000u\000n\000c\000e\000r\000t\000a\000i\000n\000t\000y}{chapter.5}% 17
\BOOKMARK [0][-]{chapter.6}{\376\377\000A\000P\000I\000\040\000R\000e\000f\000e\000r\000e\000n\000c\000e}{}% 18
\BOOKMARK [1][-]{section.6.1}{\376\377\000s\000a\000m\000p\000l\000i\000n\000g}{chapter.6}% 19
\BOOKMARK [2][-]{subsection.6.1.1}{\376\377\000F\000u\000n\000c\000t\000i\000o\000n\000s}{section.6.1}% 20
\BOOKMARK [2][-]{subsection.6.1.2}{\376\377\000M\000o\000d\000u\000l\000e\000\040\000C\000o\000n\000t\000e\000n\000t\000s}{section.6.1}% 21
\BOOKMARK [1][-]{section.6.2}{\376\377\000e\000n\000d\000p\000o\000i\000n\000t\000s}{chapter.6}% 22
\BOOKMARK [2][-]{subsection.6.2.1}{\376\377\000F\000u\000n\000c\000t\000i\000o\000n\000s}{section.6.2}% 23
\BOOKMARK [2][-]{subsection.6.2.2}{\376\377\000M\000o\000d\000u\000l\000e\000\040\000C\000o\000n\000t\000e\000n\000t\000s}{section.6.2}% 24
\BOOKMARK [1][-]{section.6.3}{\376\377\000s\000u\000b\000i\000n\000t\000e\000r\000v\000a\000l}{chapter.6}% 25
\BOOKMARK [2][-]{subsection.6.3.1}{\376\377\000F\000u\000n\000c\000t\000i\000o\000n\000s}{section.6.3}% 26
\BOOKMARK [2][-]{subsection.6.3.2}{\376\377\000M\000o\000d\000u\000l\000e\000\040\000C\000o\000n\000t\000e\000n\000t\000s}{section.6.3}% 27
\BOOKMARK [1][-]{section.6.4}{\376\377\000e\000x\000t\000r\000e\000m\000e\000p\000o\000i\000n\000t\000s}{chapter.6}% 28
\BOOKMARK [2][-]{subsection.6.4.1}{\376\377\000F\000u\000n\000c\000t\000i\000o\000n\000s}{section.6.4}% 29
\BOOKMARK [2][-]{subsection.6.4.2}{\376\377\000M\000o\000d\000u\000l\000e\000\040\000C\000o\000n\000t\000e\000n\000t\000s}{section.6.4}% 30
\BOOKMARK [1][-]{section.6.5}{\376\377\000T\000a\000y\000l\000o\000r\000\137\000s\000e\000r\000i\000e\000s}{chapter.6}% 31
\BOOKMARK [1][-]{section.6.6}{\376\377\000e\000n\000d\000p\000o\000i\000n\000t\000s\000\137\000c\000a\000u\000c\000h\000y}{chapter.6}% 32
\BOOKMARK [2][-]{subsection.6.6.1}{\376\377\000F\000u\000n\000c\000t\000i\000o\000n\000s}{section.6.6}% 33
\BOOKMARK [2][-]{subsection.6.6.2}{\376\377\000M\000o\000d\000u\000l\000e\000\040\000C\000o\000n\000t\000e\000n\000t\000s}{section.6.6}% 34
\BOOKMARK [1][-]{section.6.7}{\376\377\000p\000y\000u\000n\000c\000e\000r\000t\000a\000i\000n\000n\000u\000m\000b\000e\000r}{chapter.6}% 35
\BOOKMARK [2][-]{subsection.6.7.1}{\376\377\000S\000u\000b\000m\000o\000d\000u\000l\000e\000s}{section.6.7}% 36
\BOOKMARK [3][-]{subsubsection*.11}{\376\377\000p\000y\000u\000n\000c\000e\000r\000t\000a\000i\000n\000n\000u\000m\000b\000e\000r\000.\000U\000V}{subsection.6.7.1}% 37
\BOOKMARK [3][-]{subsubsection*.12}{\376\377\000p\000y\000u\000n\000c\000e\000r\000t\000a\000i\000n\000n\000u\000m\000b\000e\000r\000.\000c\000h\000a\000r\000a\000c\000t\000e\000r\000i\000s\000a\000t\000i\000o\000n}{subsection.6.7.1}% 38
\BOOKMARK [4][-]{paragraph*.13}{\376\377\000S\000u\000b\000m\000o\000d\000u\000l\000e\000s}{subsubsection*.12}% 39
\BOOKMARK [5][-]{subparagraph*.14}{\376\377\000p\000y\000u\000n\000c\000e\000r\000t\000a\000i\000n\000n\000u\000m\000b\000e\000r\000.\000c\000h\000a\000r\000a\000c\000t\000e\000r\000i\000s\000a\000t\000i\000o\000n\000.\000c\000h\000e\000c\000k}{paragraph*.13}% 40
\BOOKMARK [5][-]{subparagraph*.15}{\376\377\000C\000l\000a\000s\000s\000e\000s}{paragraph*.13}% 41
\BOOKMARK [5][-]{subparagraph*.16}{\376\377\000M\000o\000d\000u\000l\000e\000\040\000C\000o\000n\000t\000e\000n\000t\000s}{paragraph*.13}% 42
\BOOKMARK [5][-]{subparagraph*.23}{\376\377\000p\000y\000u\000n\000c\000e\000r\000t\000a\000i\000n\000n\000u\000m\000b\000e\000r\000.\000c\000h\000a\000r\000a\000c\000t\000e\000r\000i\000s\000a\000t\000i\000o\000n\000.\000c\000o\000r\000e}{paragraph*.13}% 43
\BOOKMARK [5][-]{subparagraph*.24}{\376\377\000F\000u\000n\000c\000t\000i\000o\000n\000s}{paragraph*.13}% 44
\BOOKMARK [5][-]{subparagraph*.25}{\376\377\000M\000o\000d\000u\000l\000e\000\040\000C\000o\000n\000t\000e\000n\000t\000s}{paragraph*.13}% 45
\BOOKMARK [5][-]{subparagraph*.27}{\376\377\000p\000y\000u\000n\000c\000e\000r\000t\000a\000i\000n\000n\000u\000m\000b\000e\000r\000.\000c\000h\000a\000r\000a\000c\000t\000e\000r\000i\000s\000a\000t\000i\000o\000n\000.\000e\000n\000s\000e\000m\000b\000l\000e}{paragraph*.13}% 46
\BOOKMARK [5][-]{subparagraph*.28}{\376\377\000C\000l\000a\000s\000s\000e\000s}{paragraph*.13}% 47
\BOOKMARK [5][-]{subparagraph*.29}{\376\377\000M\000o\000d\000u\000l\000e\000\040\000C\000o\000n\000t\000e\000n\000t\000s}{paragraph*.13}% 48
\BOOKMARK [5][-]{subparagraph*.41}{\376\377\000p\000y\000u\000n\000c\000e\000r\000t\000a\000i\000n\000n\000u\000m\000b\000e\000r\000.\000c\000h\000a\000r\000a\000c\000t\000e\000r\000i\000s\000a\000t\000i\000o\000n\000.\000m\000e\000a\000s\000u\000r\000a\000n\000d}{paragraph*.13}% 49
\BOOKMARK [5][-]{subparagraph*.42}{\376\377\000C\000l\000a\000s\000s\000e\000s}{paragraph*.13}% 50
\BOOKMARK [5][-]{subparagraph*.43}{\376\377\000M\000o\000d\000u\000l\000e\000\040\000C\000o\000n\000t\000e\000n\000t\000s}{paragraph*.13}% 51
\BOOKMARK [5][-]{subparagraph*.52}{\376\377\000p\000y\000u\000n\000c\000e\000r\000t\000a\000i\000n\000n\000u\000m\000b\000e\000r\000.\000c\000h\000a\000r\000a\000c\000t\000e\000r\000i\000s\000a\000t\000i\000o\000n\000.\000m\000u\000l\000t\000i\000p\000l\000e\000\137\000U\000N}{paragraph*.13}% 52
\BOOKMARK [5][-]{subparagraph*.53}{\376\377\000C\000l\000a\000s\000s\000e\000s}{paragraph*.13}% 53
\BOOKMARK [5][-]{subparagraph*.54}{\376\377\000F\000u\000n\000c\000t\000i\000o\000n\000s}{paragraph*.13}% 54
\BOOKMARK [5][-]{subparagraph*.55}{\376\377\000M\000o\000d\000u\000l\000e\000\040\000C\000o\000n\000t\000e\000n\000t\000s}{paragraph*.13}% 55
\BOOKMARK [5][-]{subparagraph*.61}{\376\377\000p\000y\000u\000n\000c\000e\000r\000t\000a\000i\000n\000n\000u\000m\000b\000e\000r\000.\000c\000h\000a\000r\000a\000c\000t\000e\000r\000i\000s\000a\000t\000i\000o\000n\000.\000s\000t\000a\000t\000s}{paragraph*.13}% 56
\BOOKMARK [5][-]{subparagraph*.62}{\376\377\000A\000t\000t\000r\000i\000b\000u\000t\000e\000s}{paragraph*.13}% 57
\BOOKMARK [5][-]{subparagraph*.63}{\376\377\000F\000u\000n\000c\000t\000i\000o\000n\000s}{paragraph*.13}% 58
\BOOKMARK [5][-]{subparagraph*.64}{\376\377\000M\000o\000d\000u\000l\000e\000\040\000C\000o\000n\000t\000e\000n\000t\000s}{paragraph*.13}% 59
\BOOKMARK [5][-]{subparagraph*.161}{\376\377\000p\000y\000u\000n\000c\000e\000r\000t\000a\000i\000n\000n\000u\000m\000b\000e\000r\000.\000c\000h\000a\000r\000a\000c\000t\000e\000r\000i\000s\000a\000t\000i\000o\000n\000.\000u\000n\000c\000e\000r\000t\000a\000i\000n\000N\000u\000m\000b\000e\000r}{paragraph*.13}% 60
\BOOKMARK [5][-]{subparagraph*.162}{\376\377\000C\000l\000a\000s\000s\000e\000s}{paragraph*.13}% 61
\BOOKMARK [5][-]{subparagraph*.163}{\376\377\000F\000u\000n\000c\000t\000i\000o\000n\000s}{paragraph*.13}% 62
\BOOKMARK [5][-]{subparagraph*.164}{\376\377\000M\000o\000d\000u\000l\000e\000\040\000C\000o\000n\000t\000e\000n\000t\000s}{paragraph*.13}% 63
\BOOKMARK [5][-]{subparagraph*.225}{\376\377\000p\000y\000u\000n\000c\000e\000r\000t\000a\000i\000n\000n\000u\000m\000b\000e\000r\000.\000c\000h\000a\000r\000a\000c\000t\000e\000r\000i\000s\000a\000t\000i\000o\000n\000.\000u\000n\000c\000e\000r\000t\000a\000i\000n\000t\000y\000\137\000t\000y\000p\000e\000s}{paragraph*.13}% 64
\BOOKMARK [5][-]{subparagraph*.226}{\376\377\000C\000l\000a\000s\000s\000e\000s}{paragraph*.13}% 65
\BOOKMARK [5][-]{subparagraph*.227}{\376\377\000M\000o\000d\000u\000l\000e\000\040\000C\000o\000n\000t\000e\000n\000t\000s}{paragraph*.13}% 66
\BOOKMARK [5][-]{subparagraph*.236}{\376\377\000p\000y\000u\000n\000c\000e\000r\000t\000a\000i\000n\000n\000u\000m\000b\000e\000r\000.\000c\000h\000a\000r\000a\000c\000t\000e\000r\000i\000s\000a\000t\000i\000o\000n\000.\000u\000t\000i\000l\000s}{paragraph*.13}% 67
\BOOKMARK [5][-]{subparagraph*.237}{\376\377\000C\000l\000a\000s\000s\000e\000s}{paragraph*.13}% 68
\BOOKMARK [5][-]{subparagraph*.238}{\376\377\000F\000u\000n\000c\000t\000i\000o\000n\000s}{paragraph*.13}% 69
\BOOKMARK [5][-]{subparagraph*.239}{\376\377\000M\000o\000d\000u\000l\000e\000\040\000C\000o\000n\000t\000e\000n\000t\000s}{paragraph*.13}% 70
\BOOKMARK [5][-]{subparagraph*.260}{\376\377\000p\000y\000u\000n\000c\000e\000r\000t\000a\000i\000n\000n\000u\000m\000b\000e\000r\000.\000c\000h\000a\000r\000a\000c\000t\000e\000r\000i\000s\000a\000t\000i\000o\000n\000.\000v\000a\000r\000i\000a\000b\000i\000l\000i\000t\000y}{paragraph*.13}% 71
\BOOKMARK [5][-]{subparagraph*.261}{\376\377\000C\000l\000a\000s\000s\000e\000s}{paragraph*.13}% 72
\BOOKMARK [5][-]{subparagraph*.262}{\376\377\000M\000o\000d\000u\000l\000e\000\040\000C\000o\000n\000t\000e\000n\000t\000s}{paragraph*.13}% 73
\BOOKMARK [3][-]{subsubsection*.266}{\376\377\000p\000y\000u\000n\000c\000e\000r\000t\000a\000i\000n\000n\000u\000m\000b\000e\000r\000.\000n\000l\000p}{subsection.6.7.1}% 74
\BOOKMARK [4][-]{paragraph*.267}{\376\377\000S\000u\000b\000m\000o\000d\000u\000l\000e\000s}{subsubsection*.266}% 75
\BOOKMARK [5][-]{subparagraph*.268}{\376\377\000p\000y\000u\000n\000c\000e\000r\000t\000a\000i\000n\000n\000u\000m\000b\000e\000r\000.\000n\000l\000p\000.\000l\000a\000n\000g\000u\000a\000g\000e\000\137\000p\000a\000r\000s\000i\000n\000g}{paragraph*.267}% 76
\BOOKMARK [5][-]{subparagraph*.269}{\376\377\000C\000l\000a\000s\000s\000e\000s}{paragraph*.267}% 77
\BOOKMARK [5][-]{subparagraph*.270}{\376\377\000F\000u\000n\000c\000t\000i\000o\000n\000s}{paragraph*.267}% 78
\BOOKMARK [5][-]{subparagraph*.271}{\376\377\000M\000o\000d\000u\000l\000e\000\040\000C\000o\000n\000t\000e\000n\000t\000s}{paragraph*.267}% 79
\BOOKMARK [3][-]{subsubsection*.293}{\376\377\000p\000y\000u\000n\000c\000e\000r\000t\000a\000i\000n\000n\000u\000m\000b\000e\000r\000.\000p\000b\000a}{subsection.6.7.1}% 80
\BOOKMARK [4][-]{paragraph*.294}{\376\377\000S\000u\000b\000m\000o\000d\000u\000l\000e\000s}{subsubsection*.293}% 81
\BOOKMARK [5][-]{subparagraph*.295}{\376\377\000p\000y\000u\000n\000c\000e\000r\000t\000a\000i\000n\000n\000u\000m\000b\000e\000r\000.\000p\000b\000a\000.\000a\000g\000g\000r\000e\000g\000a\000t\000i\000o\000n}{paragraph*.294}% 82
\BOOKMARK [5][-]{subparagraph*.296}{\376\377\000A\000t\000t\000r\000i\000b\000u\000t\000e\000s}{paragraph*.294}% 83
\BOOKMARK [5][-]{subparagraph*.297}{\376\377\000F\000u\000n\000c\000t\000i\000o\000n\000s}{paragraph*.294}% 84
\BOOKMARK [5][-]{subparagraph*.298}{\376\377\000M\000o\000d\000u\000l\000e\000\040\000C\000o\000n\000t\000e\000n\000t\000s}{paragraph*.294}% 85
\BOOKMARK [5][-]{subparagraph*.308}{\376\377\000p\000y\000u\000n\000c\000e\000r\000t\000a\000i\000n\000n\000u\000m\000b\000e\000r\000.\000p\000b\000a\000.\000c\000b\000o\000x}{paragraph*.294}% 86
\BOOKMARK [5][-]{subparagraph*.309}{\376\377\000A\000t\000t\000r\000i\000b\000u\000t\000e\000s}{paragraph*.294}% 87
\BOOKMARK [5][-]{subparagraph*.310}{\376\377\000F\000u\000n\000c\000t\000i\000o\000n\000s}{paragraph*.294}% 88
\BOOKMARK [5][-]{subparagraph*.311}{\376\377\000M\000o\000d\000u\000l\000e\000\040\000C\000o\000n\000t\000e\000n\000t\000s}{paragraph*.294}% 89
\BOOKMARK [5][-]{subparagraph*.343}{\376\377\000p\000y\000u\000n\000c\000e\000r\000t\000a\000i\000n\000n\000u\000m\000b\000e\000r\000.\000p\000b\000a\000.\000c\000b\000o\000x\000\137\000L\000e\000s\000l\000i\000e}{paragraph*.294}% 90
\BOOKMARK [5][-]{subparagraph*.344}{\376\377\000C\000l\000a\000s\000s\000e\000s}{paragraph*.294}% 91
\BOOKMARK [5][-]{subparagraph*.345}{\376\377\000F\000u\000n\000c\000t\000i\000o\000n\000s}{paragraph*.294}% 92
\BOOKMARK [5][-]{subparagraph*.346}{\376\377\000M\000o\000d\000u\000l\000e\000\040\000C\000o\000n\000t\000e\000n\000t\000s}{paragraph*.294}% 93
\BOOKMARK [5][-]{subparagraph*.354}{\376\377\000p\000y\000u\000n\000c\000e\000r\000t\000a\000i\000n\000n\000u\000m\000b\000e\000r\000.\000p\000b\000a\000.\000c\000o\000n\000s\000t\000r\000u\000c\000t\000o\000r\000s}{paragraph*.294}% 94
\BOOKMARK [5][-]{subparagraph*.355}{\376\377\000F\000u\000n\000c\000t\000i\000o\000n\000s}{paragraph*.294}% 95
\BOOKMARK [5][-]{subparagraph*.356}{\376\377\000M\000o\000d\000u\000l\000e\000\040\000C\000o\000n\000t\000e\000n\000t\000s}{paragraph*.294}% 96
\BOOKMARK [5][-]{subparagraph*.361}{\376\377\000p\000y\000u\000n\000c\000e\000r\000t\000a\000i\000n\000n\000u\000m\000b\000e\000r\000.\000p\000b\000a\000.\000c\000o\000p\000u\000l\000a}{paragraph*.294}% 97
\BOOKMARK [5][-]{subparagraph*.362}{\376\377\000C\000l\000a\000s\000s\000e\000s}{paragraph*.294}% 98
\BOOKMARK [5][-]{subparagraph*.363}{\376\377\000F\000u\000n\000c\000t\000i\000o\000n\000s}{paragraph*.294}% 99
\BOOKMARK [5][-]{subparagraph*.364}{\376\377\000M\000o\000d\000u\000l\000e\000\040\000C\000o\000n\000t\000e\000n\000t\000s}{paragraph*.294}% 100
\BOOKMARK [5][-]{subparagraph*.390}{\376\377\000p\000y\000u\000n\000c\000e\000r\000t\000a\000i\000n\000n\000u\000m\000b\000e\000r\000.\000p\000b\000a\000.\000c\000o\000r\000e}{paragraph*.294}% 101
\BOOKMARK [5][-]{subparagraph*.391}{\376\377\000F\000u\000n\000c\000t\000i\000o\000n\000s}{paragraph*.294}% 102
\BOOKMARK [5][-]{subparagraph*.392}{\376\377\000M\000o\000d\000u\000l\000e\000\040\000C\000o\000n\000t\000e\000n\000t\000s}{paragraph*.294}% 103
\BOOKMARK [5][-]{subparagraph*.397}{\376\377\000p\000y\000u\000n\000c\000e\000r\000t\000a\000i\000n\000n\000u\000m\000b\000e\000r\000.\000p\000b\000a\000.\000d\000i\000s\000t\000r\000i\000b\000u\000t\000i\000o\000n\000s}{paragraph*.294}% 104
\BOOKMARK [5][-]{subparagraph*.398}{\376\377\000A\000t\000t\000r\000i\000b\000u\000t\000e\000s}{paragraph*.294}% 105
\BOOKMARK [5][-]{subparagraph*.399}{\376\377\000C\000l\000a\000s\000s\000e\000s}{paragraph*.294}% 106
\BOOKMARK [5][-]{subparagraph*.400}{\376\377\000F\000u\000n\000c\000t\000i\000o\000n\000s}{paragraph*.294}% 107
\BOOKMARK [5][-]{subparagraph*.401}{\376\377\000M\000o\000d\000u\000l\000e\000\040\000C\000o\000n\000t\000e\000n\000t\000s}{paragraph*.294}% 108
\BOOKMARK [5][-]{subparagraph*.458}{\376\377\000p\000y\000u\000n\000c\000e\000r\000t\000a\000i\000n\000n\000u\000m\000b\000e\000r\000.\000p\000b\000a\000.\000d\000s}{paragraph*.294}% 109
\BOOKMARK [5][-]{subparagraph*.459}{\376\377\000C\000l\000a\000s\000s\000e\000s}{paragraph*.294}% 110
\BOOKMARK [5][-]{subparagraph*.460}{\376\377\000F\000u\000n\000c\000t\000i\000o\000n\000s}{paragraph*.294}% 111
\BOOKMARK [5][-]{subparagraph*.461}{\376\377\000M\000o\000d\000u\000l\000e\000\040\000C\000o\000n\000t\000e\000n\000t\000s}{paragraph*.294}% 112
\BOOKMARK [5][-]{subparagraph*.478}{\376\377\000p\000y\000u\000n\000c\000e\000r\000t\000a\000i\000n\000n\000u\000m\000b\000e\000r\000.\000p\000b\000a\000.\000i\000m\000p\000r\000e\000c\000i\000s\000e}{paragraph*.294}% 113
\BOOKMARK [5][-]{subparagraph*.479}{\376\377\000F\000u\000n\000c\000t\000i\000o\000n\000s}{paragraph*.294}% 114
\BOOKMARK [5][-]{subparagraph*.480}{\376\377\000M\000o\000d\000u\000l\000e\000\040\000C\000o\000n\000t\000e\000n\000t\000s}{paragraph*.294}% 115
\BOOKMARK [5][-]{subparagraph*.482}{\376\377\000p\000y\000u\000n\000c\000e\000r\000t\000a\000i\000n\000n\000u\000m\000b\000e\000r\000.\000p\000b\000a\000.\000i\000n\000t\000e\000r\000v\000a\000l}{paragraph*.294}% 116
\BOOKMARK [5][-]{subparagraph*.483}{\376\377\000A\000t\000t\000r\000i\000b\000u\000t\000e\000s}{paragraph*.294}% 117
\BOOKMARK [5][-]{subparagraph*.484}{\376\377\000C\000l\000a\000s\000s\000e\000s}{paragraph*.294}% 118
\BOOKMARK [5][-]{subparagraph*.485}{\376\377\000F\000u\000n\000c\000t\000i\000o\000n\000s}{paragraph*.294}% 119
\BOOKMARK [5][-]{subparagraph*.486}{\376\377\000M\000o\000d\000u\000l\000e\000\040\000C\000o\000n\000t\000e\000n\000t\000s}{paragraph*.294}% 120
\BOOKMARK [5][-]{subparagraph*.488}{\376\377\000C\000r\000e\000a\000t\000i\000o\000n}{paragraph*.294}% 121
\BOOKMARK [5][-]{subparagraph*.489}{\376\377\000A\000r\000i\000t\000h\000m\000e\000t\000i\000c}{paragraph*.294}% 122
\BOOKMARK [5][-]{subparagraph*.559}{\376\377\000p\000y\000u\000n\000c\000e\000r\000t\000a\000i\000n\000n\000u\000m\000b\000e\000r\000.\000p\000b\000a\000.\000i\000n\000t\000e\000r\000v\000a\000l\000O\000p\000e\000r\000a\000t\000o\000r\000s}{paragraph*.294}% 123
\BOOKMARK [5][-]{subparagraph*.560}{\376\377\000F\000u\000n\000c\000t\000i\000o\000n\000s}{paragraph*.294}% 124
\BOOKMARK [5][-]{subparagraph*.561}{\376\377\000M\000o\000d\000u\000l\000e\000\040\000C\000o\000n\000t\000e\000n\000t\000s}{paragraph*.294}% 125
\BOOKMARK [5][-]{subparagraph*.575}{\376\377\000p\000y\000u\000n\000c\000e\000r\000t\000a\000i\000n\000n\000u\000m\000b\000e\000r\000.\000p\000b\000a\000.\000l\000o\000g\000i\000c\000a\000l}{paragraph*.294}% 126
\BOOKMARK [5][-]{subparagraph*.576}{\376\377\000C\000l\000a\000s\000s\000e\000s}{paragraph*.294}% 127
\BOOKMARK [5][-]{subparagraph*.577}{\376\377\000F\000u\000n\000c\000t\000i\000o\000n\000s}{paragraph*.294}% 128
\BOOKMARK [5][-]{subparagraph*.578}{\376\377\000M\000o\000d\000u\000l\000e\000\040\000C\000o\000n\000t\000e\000n\000t\000s}{paragraph*.294}% 129
\BOOKMARK [5][-]{subparagraph*.589}{\376\377\000p\000y\000u\000n\000c\000e\000r\000t\000a\000i\000n\000n\000u\000m\000b\000e\000r\000.\000p\000b\000a\000.\000o\000p\000e\000r\000a\000t\000i\000o\000n}{paragraph*.294}% 130
\BOOKMARK [5][-]{subparagraph*.590}{\376\377\000F\000u\000n\000c\000t\000i\000o\000n\000s}{paragraph*.294}% 131
\BOOKMARK [5][-]{subparagraph*.591}{\376\377\000M\000o\000d\000u\000l\000e\000\040\000C\000o\000n\000t\000e\000n\000t\000s}{paragraph*.294}% 132
\BOOKMARK [5][-]{subparagraph*.593}{\376\377\000p\000y\000u\000n\000c\000e\000r\000t\000a\000i\000n\000n\000u\000m\000b\000e\000r\000.\000p\000b\000a\000.\000p\000a\000r\000a\000m\000s}{paragraph*.294}% 133
\BOOKMARK [5][-]{subparagraph*.594}{\376\377\000C\000l\000a\000s\000s\000e\000s}{paragraph*.294}% 134
\BOOKMARK [5][-]{subparagraph*.595}{\376\377\000M\000o\000d\000u\000l\000e\000\040\000C\000o\000n\000t\000e\000n\000t\000s}{paragraph*.294}% 135
\BOOKMARK [5][-]{subparagraph*.624}{\376\377\000p\000y\000u\000n\000c\000e\000r\000t\000a\000i\000n\000n\000u\000m\000b\000e\000r\000.\000p\000b\000a\000.\000p\000b\000o\000x}{paragraph*.294}% 136
\BOOKMARK [5][-]{subparagraph*.625}{\376\377\000A\000t\000t\000r\000i\000b\000u\000t\000e\000s}{paragraph*.294}% 137
\BOOKMARK [5][-]{subparagraph*.626}{\376\377\000F\000u\000n\000c\000t\000i\000o\000n\000s}{paragraph*.294}% 138
\BOOKMARK [5][-]{subparagraph*.627}{\376\377\000M\000o\000d\000u\000l\000e\000\040\000C\000o\000n\000t\000e\000n\000t\000s}{paragraph*.294}% 139
\BOOKMARK [5][-]{subparagraph*.768}{\376\377\000p\000y\000u\000n\000c\000e\000r\000t\000a\000i\000n\000n\000u\000m\000b\000e\000r\000.\000p\000b\000a\000.\000p\000b\000o\000x\000\137\000b\000a\000s\000e}{paragraph*.294}% 140
\BOOKMARK [5][-]{subparagraph*.769}{\376\377\000E\000x\000c\000e\000p\000t\000i\000o\000n\000s}{paragraph*.294}% 141
\BOOKMARK [5][-]{subparagraph*.770}{\376\377\000C\000l\000a\000s\000s\000e\000s}{paragraph*.294}% 142
\BOOKMARK [5][-]{subparagraph*.771}{\376\377\000F\000u\000n\000c\000t\000i\000o\000n\000s}{paragraph*.294}% 143
\BOOKMARK [5][-]{subparagraph*.772}{\376\377\000M\000o\000d\000u\000l\000e\000\040\000C\000o\000n\000t\000e\000n\000t\000s}{paragraph*.294}% 144
\BOOKMARK [5][-]{subparagraph*.850}{\376\377\000p\000y\000u\000n\000c\000e\000r\000t\000a\000i\000n\000n\000u\000m\000b\000e\000r\000.\000p\000b\000a\000.\000p\000b\000o\000x\000\137\000n\000o\000n\000p\000a\000r\000a\000m}{paragraph*.294}% 145
\BOOKMARK [5][-]{subparagraph*.851}{\376\377\000F\000u\000n\000c\000t\000i\000o\000n\000s}{paragraph*.294}% 146
\BOOKMARK [5][-]{subparagraph*.852}{\376\377\000M\000o\000d\000u\000l\000e\000\040\000C\000o\000n\000t\000e\000n\000t\000s}{paragraph*.294}% 147
\BOOKMARK [5][-]{subparagraph*.868}{\376\377\000p\000y\000u\000n\000c\000e\000r\000t\000a\000i\000n\000n\000u\000m\000b\000e\000r\000.\000p\000b\000a\000.\000u\000t\000i\000l\000s}{paragraph*.294}% 148
\BOOKMARK [5][-]{subparagraph*.869}{\376\377\000E\000x\000c\000e\000p\000t\000i\000o\000n\000s}{paragraph*.294}% 149
\BOOKMARK [5][-]{subparagraph*.870}{\376\377\000C\000l\000a\000s\000s\000e\000s}{paragraph*.294}% 150
\BOOKMARK [5][-]{subparagraph*.871}{\376\377\000F\000u\000n\000c\000t\000i\000o\000n\000s}{paragraph*.294}% 151
\BOOKMARK [5][-]{subparagraph*.872}{\376\377\000M\000o\000d\000u\000l\000e\000\040\000C\000o\000n\000t\000e\000n\000t\000s}{paragraph*.294}% 152
\BOOKMARK [4][-]{paragraph*.893}{\376\377\000A\000t\000t\000r\000i\000b\000u\000t\000e\000s}{subsubsection*.293}% 153
\BOOKMARK [4][-]{paragraph*.894}{\376\377\000C\000l\000a\000s\000s\000e\000s}{subsubsection*.293}% 154
\BOOKMARK [4][-]{paragraph*.895}{\376\377\000F\000u\000n\000c\000t\000i\000o\000n\000s}{subsubsection*.293}% 155
\BOOKMARK [4][-]{paragraph*.896}{\376\377\000P\000a\000c\000k\000a\000g\000e\000\040\000C\000o\000n\000t\000e\000n\000t\000s}{subsubsection*.293}% 156
\BOOKMARK [5][-]{subparagraph*.898}{\376\377\000C\000r\000e\000a\000t\000i\000o\000n}{paragraph*.896}% 157
\BOOKMARK [5][-]{subparagraph*.899}{\376\377\000A\000r\000i\000t\000h\000m\000e\000t\000i\000c}{paragraph*.896}% 158
\BOOKMARK [3][-]{subsubsection*.1193}{\376\377\000p\000y\000u\000n\000c\000e\000r\000t\000a\000i\000n\000n\000u\000m\000b\000e\000r\000.\000p\000r\000o\000p\000a\000g\000a\000t\000i\000o\000n}{subsection.6.7.1}% 159
\BOOKMARK [4][-]{paragraph*.1194}{\376\377\000S\000u\000b\000m\000o\000d\000u\000l\000e\000s}{subsubsection*.1193}% 160
\BOOKMARK [5][-]{subparagraph*.1195}{\376\377\000p\000y\000u\000n\000c\000e\000r\000t\000a\000i\000n\000n\000u\000m\000b\000e\000r\000.\000p\000r\000o\000p\000a\000g\000a\000t\000i\000o\000n\000.\000p\000e\000r\000f\000o\000r\000m\000a\000n\000c\000e\000\137\000f\000u\000n\000c}{paragraph*.1194}% 161
\BOOKMARK [5][-]{subparagraph*.1196}{\376\377\000F\000u\000n\000c\000t\000i\000o\000n\000s}{paragraph*.1194}% 162
\BOOKMARK [5][-]{subparagraph*.1197}{\376\377\000M\000o\000d\000u\000l\000e\000\040\000C\000o\000n\000t\000e\000n\000t\000s}{paragraph*.1194}% 163
\BOOKMARK [5][-]{subparagraph*.1202}{\376\377\000p\000y\000u\000n\000c\000e\000r\000t\000a\000i\000n\000n\000u\000m\000b\000e\000r\000.\000p\000r\000o\000p\000a\000g\000a\000t\000i\000o\000n\000.\000u\000n\000c\000e\000r\000t\000a\000i\000n\000t\000y\000P\000r\000o\000p\000a\000g\000a\000t\000i\000o\000n}{paragraph*.1194}% 164
\BOOKMARK [5][-]{subparagraph*.1203}{\376\377\000F\000u\000n\000c\000t\000i\000o\000n\000s}{paragraph*.1194}% 165
\BOOKMARK [5][-]{subparagraph*.1204}{\376\377\000M\000o\000d\000u\000l\000e\000\040\000C\000o\000n\000t\000e\000n\000t\000s}{paragraph*.1194}% 166
\BOOKMARK [5][-]{subparagraph*.1211}{\376\377\000p\000y\000u\000n\000c\000e\000r\000t\000a\000i\000n\000n\000u\000m\000b\000e\000r\000.\000p\000r\000o\000p\000a\000g\000a\000t\000i\000o\000n\000.\000u\000t\000i\000l\000s}{paragraph*.1194}% 167
\BOOKMARK [5][-]{subparagraph*.1212}{\376\377\000C\000l\000a\000s\000s\000e\000s}{paragraph*.1194}% 168
\BOOKMARK [5][-]{subparagraph*.1213}{\376\377\000F\000u\000n\000c\000t\000i\000o\000n\000s}{paragraph*.1194}% 169
\BOOKMARK [5][-]{subparagraph*.1214}{\376\377\000M\000o\000d\000u\000l\000e\000\040\000C\000o\000n\000t\000e\000n\000t\000s}{paragraph*.1194}% 170
\BOOKMARK [2][-]{subsection.6.7.2}{\376\377\000A\000t\000t\000r\000i\000b\000u\000t\000e\000s}{section.6.7}% 171
\BOOKMARK [2][-]{subsection.6.7.3}{\376\377\000C\000l\000a\000s\000s\000e\000s}{section.6.7}% 172
\BOOKMARK [2][-]{subsection.6.7.4}{\376\377\000F\000u\000n\000c\000t\000i\000o\000n\000s}{section.6.7}% 173
\BOOKMARK [2][-]{subsection.6.7.5}{\376\377\000P\000a\000c\000k\000a\000g\000e\000\040\000C\000o\000n\000t\000e\000n\000t\000s}{section.6.7}% 174
\BOOKMARK [3][-]{subsubsection*.1301}{\376\377\000C\000r\000e\000a\000t\000i\000o\000n}{subsection.6.7.5}% 175
\BOOKMARK [3][-]{subsubsection*.1302}{\376\377\000A\000r\000i\000t\000h\000m\000e\000t\000i\000c}{subsection.6.7.5}% 176
\BOOKMARK [1][-]{section.6.8}{\376\377\000c\000a\000r\000t\000e\000s\000i\000a\000n\000\137\000p\000r\000o\000d\000u\000c\000t}{chapter.6}% 177
\BOOKMARK [2][-]{subsection.6.8.1}{\376\377\000F\000u\000n\000c\000t\000i\000o\000n\000s}{section.6.8}% 178
\BOOKMARK [2][-]{subsection.6.8.2}{\376\377\000M\000o\000d\000u\000l\000e\000\040\000C\000o\000n\000t\000e\000n\000t\000s}{section.6.8}% 179
\BOOKMARK [1][-]{section.6.9}{\376\377\000s\000a\000m\000p\000l\000i\000n\000g\000\137\000a\000l\000e\000a\000t\000o\000r\000y}{chapter.6}% 180
\BOOKMARK [2][-]{subsection.6.9.1}{\376\377\000F\000u\000n\000c\000t\000i\000o\000n\000s}{section.6.9}% 181
\BOOKMARK [2][-]{subsection.6.9.2}{\376\377\000M\000o\000d\000u\000l\000e\000\040\000C\000o\000n\000t\000e\000n\000t\000s}{section.6.9}% 182
\BOOKMARK [1][-]{section.6.10}{\376\377\000e\000x\000t\000r\000e\000m\000e\000\137\000p\000o\000i\000n\000t\000\137\000f\000u\000n\000c}{chapter.6}% 183
\BOOKMARK [2][-]{subsection.6.10.1}{\376\377\000F\000u\000n\000c\000t\000i\000o\000n\000s}{section.6.10}% 184
\BOOKMARK [2][-]{subsection.6.10.2}{\376\377\000M\000o\000d\000u\000l\000e\000\040\000C\000o\000n\000t\000e\000n\000t\000s}{section.6.10}% 185
\BOOKMARK [1][-]{section.6.11}{\376\377\000l\000o\000c\000a\000l\000\137\000o\000p\000t\000i\000m\000i\000s\000a\000t\000i\000o\000n}{chapter.6}% 186
\BOOKMARK [2][-]{subsection.6.11.1}{\376\377\000F\000u\000n\000c\000t\000i\000o\000n\000s}{section.6.11}% 187
\BOOKMARK [2][-]{subsection.6.11.2}{\376\377\000M\000o\000d\000u\000l\000e\000\040\000C\000o\000n\000t\000e\000n\000t\000s}{section.6.11}% 188
\BOOKMARK [1][-]{section.6.12}{\376\377\000f\000i\000g\000u\000r\000e\000s\000\137\000d\000i\000s\000t\000r\000\137\000p\000b\000o\000x}{chapter.6}% 189
\BOOKMARK [2][-]{subsection.6.12.1}{\376\377\000A\000t\000t\000r\000i\000b\000u\000t\000e\000s}{section.6.12}% 190
\BOOKMARK [2][-]{subsection.6.12.2}{\376\377\000F\000u\000n\000c\000t\000i\000o\000n\000s}{section.6.12}% 191
\BOOKMARK [2][-]{subsection.6.12.3}{\376\377\000M\000o\000d\000u\000l\000e\000\040\000C\000o\000n\000t\000e\000n\000t\000s}{section.6.12}% 192
\BOOKMARK [1][-]{section.6.13}{\376\377\000g\000e\000n\000e\000t\000i\000c\000\137\000o\000p\000t\000i\000m\000i\000s\000a\000t\000i\000o\000n}{chapter.6}% 193
\BOOKMARK [2][-]{subsection.6.13.1}{\376\377\000F\000u\000n\000c\000t\000i\000o\000n\000s}{section.6.13}% 194
\BOOKMARK [2][-]{subsection.6.13.2}{\376\377\000M\000o\000d\000u\000l\000e\000\040\000C\000o\000n\000t\000e\000n\000t\000s}{section.6.13}% 195
\BOOKMARK [1][-]{section.6.14}{\376\377\000f\000i\000r\000s\000t\000\137\000o\000r\000d\000e\000r\000\137\000p\000r\000o\000p\000a\000g\000a\000t\000i\000o\000n}{chapter.6}% 196
\BOOKMARK [2][-]{subsection.6.14.1}{\376\377\000F\000u\000n\000c\000t\000i\000o\000n\000s}{section.6.14}% 197
\BOOKMARK [2][-]{subsection.6.14.2}{\376\377\000M\000o\000d\000u\000l\000e\000\040\000C\000o\000n\000t\000e\000n\000t\000s}{section.6.14}% 198
\BOOKMARK [1][-]{section.6.15}{\376\377\000s\000e\000c\000o\000n\000d\000\137\000o\000r\000d\000e\000r\000\137\000p\000r\000o\000p\000a\000g\000a\000t\000i\000o\000n}{chapter.6}% 199
\BOOKMARK [2][-]{subsection.6.15.1}{\376\377\000F\000u\000n\000c\000t\000i\000o\000n\000s}{section.6.15}% 200
\BOOKMARK [2][-]{subsection.6.15.2}{\376\377\000M\000o\000d\000u\000l\000e\000\040\000C\000o\000n\000t\000e\000n\000t\000s}{section.6.15}% 201
\BOOKMARK [0][-]{chapter.7}{\376\377\000P\000y\000U\000n\000c\000e\000r\000t\000a\000i\000n\000N\000u\000m\000b\000e\000r}{}% 202
\BOOKMARK [1][-]{section.7.1}{\376\377\000f\000e\000a\000t\000u\000r\000e\000s}{chapter.7}% 203
\BOOKMARK [1][-]{section.7.2}{\376\377\000q\000u\000i\000c\000k\000\040\000s\000t\000a\000r\000t}{chapter.7}% 204
\BOOKMARK [1][-]{section.7.3}{\376\377\000i\000n\000s\000t\000a\000l\000l\000a\000t\000i\000o\000n}{chapter.7}% 205
\BOOKMARK [1][-]{section.7.4}{\376\377\000U\000Q\000\040\000m\000u\000l\000t\000i\000v\000e\000r\000s\000e}{chapter.7}% 206
\BOOKMARK [1][-]{section.7.5}{\376\377\000A\000c\000k\000n\000o\000w\000l\000e\000d\000g\000e\000m\000e\000n\000t\000s}{chapter.7}% 207
\BOOKMARK [1][-]{section.7.6}{\376\377\000A\000P\000I\000\040\000r\000e\000f\000e\000r\000e\000n\000c\000e\000s}{chapter.7}% 208
\BOOKMARK [0][-]{section*.1617}{\376\377\000P\000y\000t\000h\000o\000n\000\040\000M\000o\000d\000u\000l\000e\000\040\000I\000n\000d\000e\000x}{}% 209
